{"name": "test_login_with_invalid_email_and_valid_password", "status": "broken", "statusDetails": {"message": "selenium.common.exceptions.StaleElementReferenceException: Message: stale element reference: stale element not found\n  (Session info: chrome=136.0.7103.114); For documentation on this error, please visit: https://www.selenium.dev/documentation/webdriver/troubleshooting/errors#stale-element-reference-exception\nStacktrace:\n\tGetHandleVerifier [0x00007FF7468FCF65+75717]\n\tGetHandleVerifier [0x00007FF7468FCFC0+75808]\n\t(No symbol) [0x00007FF7466C8F9A]\n\t(No symbol) [0x00007FF7466DF3D4]\n\t(No symbol) [0x00007FF7466DDEA3]\n\t(No symbol) [0x00007FF7466D16C9]\n\t(No symbol) [0x00007FF7466CF54F]\n\t(No symbol) [0x00007FF7466D3A0C]\n\t(No symbol) [0x00007FF7466D3ADF]\n\t(No symbol) [0x00007FF746718F56]\n\t(No symbol) [0x00007FF74674737A]\n\t(No symbol) [0x00007FF746711C46]\n\t(No symbol) [0x00007FF746747590]\n\t(No symbol) [0x00007FF74676F39C]\n\t(No symbol) [0x00007FF746747153]\n\t(No symbol) [0x00007FF746710421]\n\t(No symbol) [0x00007FF7467111B3]\n\tGetHandleVerifier [0x00007FF746BFD74D+3223469]\n\tGetHandleVerifier [0x00007FF746BF7CF2+3200338]\n\tGetHandleVerifier [0x00007FF746C15B23+3322755]\n\tGetHandleVerifier [0x00007FF746916A3A+180890]\n\tGetHandleVerifier [0x00007FF74691E13F+211359]\n\tGetHandleVerifier [0x00007FF7469052B4+109332]\n\tGetHandleVerifier [0x00007FF746905462+109762]\n\tGetHandleVerifier [0x00007FF7468EBA79+4825]\n\tBaseThreadInitThunk [0x00007FF88B157374+20]\n\tRtlUserThreadStart [0x00007FF88B9FCC91+33]", "trace": "self = <test.test_login.TestLogin object at 0x000001F7865C7080>\n\n    def test_login_with_invalid_email_and_valid_password(self):\n        home_page = HomePage(self.driver)\n        home_page.click_on_my_account_drop_menu()\n        home_page.select_login_option()\n    \n        login_page = LoginPage(self.driver)\n        login_page.enter_email_address(self.test_generate_email_with_time_stamp())\n        login_page.enter_password('123456')\n        login_page.click_on_login_button()\n        #time.sleep(3)\n        expected_message = \"Warning: No match for E-Mail Address and/or Password.\"\n>       assert login_page.warning_message_for_invalid_email_and_valid_password().__contains__(expected_message)\n\ntest\\test_login.py:43: \n_ _ _ _ _ _ _ _ _ _ _ _ _ _ _ _ _ _ _ _ _ _ _ _ _ _ _ _ _ _ _ _ _ _ _ _ _ _ _ _ _ _ _ _ _ _ _ _ _ _ _ _ _ _ _ _ _ _ _ _ _ _ _ _ _ _ _ _ _ _ _ _ _ _ _ _ _ _ _\npages\\LoginPage.py:26: in warning_message_for_invalid_email_and_valid_password\n    return self.retrieve_text_from_element(By.XPATH, self.warning_message_xpath)\npages\\BasePage.py:29: in retrieve_text_from_element\n    return element.text\n.venv\\Lib\\site-packages\\selenium\\webdriver\\remote\\webelement.py:90: in text\n    return self._execute(Command.GET_ELEMENT_TEXT)[\"value\"]\n.venv\\Lib\\site-packages\\selenium\\webdriver\\remote\\webelement.py:395: in _execute\n    return self._parent.execute(command, params)\n.venv\\Lib\\site-packages\\selenium\\webdriver\\remote\\webdriver.py:384: in execute\n    self.error_handler.check_response(response)\n_ _ _ _ _ _ _ _ _ _ _ _ _ _ _ _ _ _ _ _ _ _ _ _ _ _ _ _ _ _ _ _ _ _ _ _ _ _ _ _ _ _ _ _ _ _ _ _ _ _ _ _ _ _ _ _ _ _ _ _ _ _ _ _ _ _ _ _ _ _ _ _ _ _ _ _ _ _ _\n\nself = <selenium.webdriver.remote.errorhandler.ErrorHandler object at 0x000001F786BF26F0>\nresponse = {'status': 404, 'value': '{\"value\":{\"error\":\"stale element reference\",\"message\":\"stale element reference: stale elemen...468EBA79+4825]\\\\n\\\\tBaseThreadInitThunk [0x00007FF88B157374+20]\\\\n\\\\tRtlUserThreadStart [0x00007FF88B9FCC91+33]\\\\n\"}}'}\n\n    def check_response(self, response: Dict[str, Any]) -> None:\n        \"\"\"Checks that a JSON response from the WebDriver does not have an\n        error.\n    \n        :Args:\n         - response - The JSON response from the WebDriver server as a dictionary\n           object.\n    \n        :Raises: If the response contains an error message.\n        \"\"\"\n        status = response.get(\"status\", None)\n        if not status or status == ErrorCode.SUCCESS:\n            return\n        value = None\n        message = response.get(\"message\", \"\")\n        screen: str = response.get(\"screen\", \"\")\n        stacktrace = None\n        if isinstance(status, int):\n            value_json = response.get(\"value\", None)\n            if value_json and isinstance(value_json, str):\n                import json\n    \n                try:\n                    value = json.loads(value_json)\n                    if len(value) == 1:\n                        value = value[\"value\"]\n                    status = value.get(\"error\", None)\n                    if not status:\n                        status = value.get(\"status\", ErrorCode.UNKNOWN_ERROR)\n                        message = value.get(\"value\") or value.get(\"message\")\n                        if not isinstance(message, str):\n                            value = message\n                            message = message.get(\"message\")\n                    else:\n                        message = value.get(\"message\", None)\n                except ValueError:\n                    pass\n    \n        exception_class: Type[WebDriverException]\n        e = ErrorCode()\n        error_codes = [item for item in dir(e) if not item.startswith(\"__\")]\n        for error_code in error_codes:\n            error_info = getattr(ErrorCode, error_code)\n            if isinstance(error_info, list) and status in error_info:\n                exception_class = getattr(ExceptionMapping, error_code, WebDriverException)\n                break\n        else:\n            exception_class = WebDriverException\n    \n        if not value:\n            value = response[\"value\"]\n        if isinstance(value, str):\n            raise exception_class(value)\n        if message == \"\" and \"message\" in value:\n            message = value[\"message\"]\n    \n        screen = None  # type: ignore[assignment]\n        if \"screen\" in value:\n            screen = value[\"screen\"]\n    \n        stacktrace = None\n        st_value = value.get(\"stackTrace\") or value.get(\"stacktrace\")\n        if st_value:\n            if isinstance(st_value, str):\n                stacktrace = st_value.split(\"\\n\")\n            else:\n                stacktrace = []\n                try:\n                    for frame in st_value:\n                        line = frame.get(\"lineNumber\", \"\")\n                        file = frame.get(\"fileName\", \"<anonymous>\")\n                        if line:\n                            file = f\"{file}:{line}\"\n                        meth = frame.get(\"methodName\", \"<anonymous>\")\n                        if \"className\" in frame:\n                            meth = f\"{frame['className']}.{meth}\"\n                        msg = \"    at %s (%s)\"\n                        msg = msg % (meth, file)\n                        stacktrace.append(msg)\n                except TypeError:\n                    pass\n        if exception_class == UnexpectedAlertPresentException:\n            alert_text = None\n            if \"data\" in value:\n                alert_text = value[\"data\"].get(\"text\")\n            elif \"alert\" in value:\n                alert_text = value[\"alert\"].get(\"text\")\n            raise exception_class(message, screen, stacktrace, alert_text)  # type: ignore[call-arg]  # mypy is not smart enough here\n>       raise exception_class(message, screen, stacktrace)\nE       selenium.common.exceptions.StaleElementReferenceException: Message: stale element reference: stale element not found\nE         (Session info: chrome=136.0.7103.114); For documentation on this error, please visit: https://www.selenium.dev/documentation/webdriver/troubleshooting/errors#stale-element-reference-exception\nE       Stacktrace:\nE       \tGetHandleVerifier [0x00007FF7468FCF65+75717]\nE       \tGetHandleVerifier [0x00007FF7468FCFC0+75808]\nE       \t(No symbol) [0x00007FF7466C8F9A]\nE       \t(No symbol) [0x00007FF7466DF3D4]\nE       \t(No symbol) [0x00007FF7466DDEA3]\nE       \t(No symbol) [0x00007FF7466D16C9]\nE       \t(No symbol) [0x00007FF7466CF54F]\nE       \t(No symbol) [0x00007FF7466D3A0C]\nE       \t(No symbol) [0x00007FF7466D3ADF]\nE       \t(No symbol) [0x00007FF746718F56]\nE       \t(No symbol) [0x00007FF74674737A]\nE       \t(No symbol) [0x00007FF746711C46]\nE       \t(No symbol) [0x00007FF746747590]\nE       \t(No symbol) [0x00007FF74676F39C]\nE       \t(No symbol) [0x00007FF746747153]\nE       \t(No symbol) [0x00007FF746710421]\nE       \t(No symbol) [0x00007FF7467111B3]\nE       \tGetHandleVerifier [0x00007FF746BFD74D+3223469]\nE       \tGetHandleVerifier [0x00007FF746BF7CF2+3200338]\nE       \tGetHandleVerifier [0x00007FF746C15B23+3322755]\nE       \tGetHandleVerifier [0x00007FF746916A3A+180890]\nE       \tGetHandleVerifier [0x00007FF74691E13F+211359]\nE       \tGetHandleVerifier [0x00007FF7469052B4+109332]\nE       \tGetHandleVerifier [0x00007FF746905462+109762]\nE       \tGetHandleVerifier [0x00007FF7468EBA79+4825]\nE       \tBaseThreadInitThunk [0x00007FF88B157374+20]\nE       \tRtlUserThreadStart [0x00007FF88B9FCC91+33]\n\n.venv\\Lib\\site-packages\\selenium\\webdriver\\remote\\errorhandler.py:232: StaleElementReferenceException"}, "attachments": [{"name": "log", "source": "4dd9b656-0589-47bf-ad65-90ed1c2106cb-attachment.txt", "type": "text/plain"}, {"name": "stdout", "source": "f175c191-916b-4d77-b4f6-8d843744c4e3-attachment.txt", "type": "text/plain"}], "start": 1747716668110, "stop": 1747716670565, "uuid": "f658a076-bd0d-4398-881e-cf1cf24c71dc", "historyId": "776e35fd4478c2e692f9faae3cfe7b81", "testCaseId": "776e35fd4478c2e692f9faae3cfe7b81", "fullName": "test.test_login.TestLogin#test_login_with_invalid_email_and_valid_password", "labels": [{"name": "tag", "value": "@pytest.mark.usefixtures('setup', 'log_on_failure')"}, {"name": "parentSuite", "value": "test"}, {"name": "suite", "value": "test_login"}, {"name": "subSuite", "value": "TestLogin"}, {"name": "host", "value": "TeamOs-PC"}, {"name": "thread", "value": "10640-MainThread"}, {"name": "framework", "value": "pytest"}, {"name": "language", "value": "cpython3"}, {"name": "package", "value": "test.test_login"}]}