{"name": "test_registration_with_mandatoryfield", "status": "broken", "statusDetails": {"message": "selenium.common.exceptions.TimeoutException: Message: Element not found within 20 seconds: id='input-confirm-password'", "trace": "self = <pages.RegistrationPage.RegistrationPage object at 0x0000021891679220>, by = 'id', locator_value = 'input-confirm-password', timeout = 20\n\n    def get_element(self, by, locator_value, timeout=20):\n        locator_map = {\n            \"id\": By.ID,\n            \"xpath\": By.XPATH,\n            \"link_text\": By.LINK_TEXT,\n            \"partial_link_text\": By.PARTIAL_LINK_TEXT,\n            \"name\": By.NAME,\n            \"tag_name\": By.TAG_NAME,\n            \"class_name\": By.CLASS_NAME,\n            \"css_selector\": By.CSS_SELECTOR\n        }\n    \n        selenium_by = locator_map.get(by)\n        if selenium_by is None:\n            raise ValueError(f\"Unsupported locator type: {by}\")\n    \n        try:\n            wait = WebDriverWait(self.driver, timeout)\n>           return wait.until(EC.presence_of_element_located((selenium_by, locator_value)))\n\npages\\BasePage.py:49: \n_ _ _ _ _ _ _ _ _ _ _ _ _ _ _ _ _ _ _ _ _ _ _ _ _ _ _ _ _ _ _ _ _ _ _ _ _ _ _ _ _ _ _ _ _ _ _ _ _ _ _ _ _ _ _ _ _ _ _ _ _ _ _ _ _ _ _ _ _ _ _ _ _ _ _ _ _ _ _\n\nself = <selenium.webdriver.support.wait.WebDriverWait (session=\"e8c2802e7499d184f931a9655a925968\")>\nmethod = <function presence_of_element_located.<locals>._predicate at 0x00000218916B4A40>, message = ''\n\n    def until(self, method: Callable[[D], Union[Literal[False], T]], message: str = \"\") -> T:\n        \"\"\"Calls the method provided with the driver as an argument until the \\\n        return value does not evaluate to ``False``.\n    \n        :param method: callable(WebDriver)\n        :param message: optional message for :exc:`TimeoutException`\n        :returns: the result of the last call to `method`\n        :raises: :exc:`selenium.common.exceptions.TimeoutException` if timeout occurs\n        \"\"\"\n        screen = None\n        stacktrace = None\n    \n        end_time = time.monotonic() + self._timeout\n        while True:\n            try:\n                value = method(self._driver)\n                if value:\n                    return value\n            except self._ignored_exceptions as exc:\n                screen = getattr(exc, \"screen\", None)\n                stacktrace = getattr(exc, \"stacktrace\", None)\n            if time.monotonic() > end_time:\n                break\n            time.sleep(self._poll)\n>       raise TimeoutException(message, screen, stacktrace)\nE       selenium.common.exceptions.TimeoutException: Message: \nE       Stacktrace:\nE       \tGetHandleVerifier [0x00007FF6DF99CF65+75717]\nE       \tGetHandleVerifier [0x00007FF6DF99CFC0+75808]\nE       \t(No symbol) [0x00007FF6DF768F9A]\nE       \t(No symbol) [0x00007FF6DF7BF4C6]\nE       \t(No symbol) [0x00007FF6DF7BF77C]\nE       \t(No symbol) [0x00007FF6DF812577]\nE       \t(No symbol) [0x00007FF6DF7E73BF]\nE       \t(No symbol) [0x00007FF6DF80F39C]\nE       \t(No symbol) [0x00007FF6DF7E7153]\nE       \t(No symbol) [0x00007FF6DF7B0421]\nE       \t(No symbol) [0x00007FF6DF7B11B3]\nE       \tGetHandleVerifier [0x00007FF6DFC9D74D+3223469]\nE       \tGetHandleVerifier [0x00007FF6DFC97CF2+3200338]\nE       \tGetHandleVerifier [0x00007FF6DFCB5B23+3322755]\nE       \tGetHandleVerifier [0x00007FF6DF9B6A3A+180890]\nE       \tGetHandleVerifier [0x00007FF6DF9BE13F+211359]\nE       \tGetHandleVerifier [0x00007FF6DF9A52B4+109332]\nE       \tGetHandleVerifier [0x00007FF6DF9A5462+109762]\nE       \tGetHandleVerifier [0x00007FF6DF98BA79+4825]\nE       \tBaseThreadInitThunk [0x00007FFC797A7374+20]\nE       \tRtlUserThreadStart [0x00007FFC7A39CC91+33]\n\n.venv\\Lib\\site-packages\\selenium\\webdriver\\support\\wait.py:105: TimeoutException\n\nDuring handling of the above exception, another exception occurred:\n\nself = <test.test_registration.TestRegisteer object at 0x00000218916A29F0>\n\n    def test_registration_with_mandatoryfield(self):\n        home_page = HomePage(self.driver)\n        home_page.click_on_my_account_drop_menu()\n        home_page.select_registration_option()\n    \n        registration_page=RegistrationPage(self.driver)\n        registration_page.enter_first_name('Md')\n        registration_page.enter_last_name('QA')\n        registration_page.enter_email_address('tester004@gmail.com')\n        registration_page.enter_telephone('01923777612')\n        registration_page.enter_password('123456')\n>       registration_page.enter_confirm_password('123456')\n\ntest\\test_registration.py:33: \n_ _ _ _ _ _ _ _ _ _ _ _ _ _ _ _ _ _ _ _ _ _ _ _ _ _ _ _ _ _ _ _ _ _ _ _ _ _ _ _ _ _ _ _ _ _ _ _ _ _ _ _ _ _ _ _ _ _ _ _ _ _ _ _ _ _ _ _ _ _ _ _ _ _ _ _ _ _ _\npages\\RegistrationPage.py:36: in enter_confirm_password\n    self.type_into_element(confirm_password, By.ID, self.confirm_password_field_id)\npages\\BasePage.py:14: in type_into_element\n    element = self.get_element(by, locator_value)\n_ _ _ _ _ _ _ _ _ _ _ _ _ _ _ _ _ _ _ _ _ _ _ _ _ _ _ _ _ _ _ _ _ _ _ _ _ _ _ _ _ _ _ _ _ _ _ _ _ _ _ _ _ _ _ _ _ _ _ _ _ _ _ _ _ _ _ _ _ _ _ _ _ _ _ _ _ _ _\n\nself = <pages.RegistrationPage.RegistrationPage object at 0x0000021891679220>, by = 'id', locator_value = 'input-confirm-password', timeout = 20\n\n    def get_element(self, by, locator_value, timeout=20):\n        locator_map = {\n            \"id\": By.ID,\n            \"xpath\": By.XPATH,\n            \"link_text\": By.LINK_TEXT,\n            \"partial_link_text\": By.PARTIAL_LINK_TEXT,\n            \"name\": By.NAME,\n            \"tag_name\": By.TAG_NAME,\n            \"class_name\": By.CLASS_NAME,\n            \"css_selector\": By.CSS_SELECTOR\n        }\n    \n        selenium_by = locator_map.get(by)\n        if selenium_by is None:\n            raise ValueError(f\"Unsupported locator type: {by}\")\n    \n        try:\n            wait = WebDriverWait(self.driver, timeout)\n            return wait.until(EC.presence_of_element_located((selenium_by, locator_value)))\n        except TimeoutException:\n>           raise TimeoutException(f\"Element not found within {timeout} seconds: {by}='{locator_value}'\")\nE           selenium.common.exceptions.TimeoutException: Message: Element not found within 20 seconds: id='input-confirm-password'\n\npages\\BasePage.py:51: TimeoutException"}, "start": 1747564203716, "stop": 1747564225919, "uuid": "ea8a726e-5958-4356-9abd-b0d3b1a9069d", "historyId": "eb181b67cba746e94cc725bb87d3356c", "testCaseId": "eb181b67cba746e94cc725bb87d3356c", "fullName": "test.test_registration.TestRegisteer#test_registration_with_mandatoryfield", "labels": [{"name": "tag", "value": "@pytest.mark.usefixtures('setup')"}, {"name": "parentSuite", "value": "test"}, {"name": "suite", "value": "test_registration"}, {"name": "subSuite", "value": "TestRegisteer"}, {"name": "host", "value": "TeamOs-PC"}, {"name": "thread", "value": "6420-MainThread"}, {"name": "framework", "value": "pytest"}, {"name": "language", "value": "cpython3"}, {"name": "package", "value": "test.test_registration"}]}